\BOOKMARK [0][-]{chapter*.1}{\376\377\144\130\211\201}{}% 1
\BOOKMARK [0][-]{chapter*.2}{\376\377\000A\000b\000s\000t\000r\000a\000c\000t}{}% 2
\BOOKMARK [0][-]{chapter*.3}{\376\377\201\364\213\035}{}% 3
\BOOKMARK [0][-]{chapter*.3}{\376\377\000T\000a\000b\000l\000e\000\040\000o\000f\000\040\000C\000o\000n\000t\000e\000n\000t\000s}{}% 4
\BOOKMARK [0][-]{chapter*.3}{\376\377\000L\000i\000s\000t\000\040\000o\000f\000\040\000F\000i\000g\000u\000r\000e\000s}{}% 5
\BOOKMARK [0][-]{chapter*.3}{\376\377\000L\000i\000s\000t\000\040\000o\000f\000\040\000T\000a\000b\000l\000e\000s}{}% 6
\BOOKMARK [0][-]{chapter*.3}{\376\377\000N\000o\000m\000e\000n\000c\000l\000a\000t\000u\000r\000e}{}% 7
\BOOKMARK [0][-]{chapter.1}{\376\377\000I\000n\000t\000r\000o\000d\000u\000c\000t\000i\000o\000n}{}% 8
\BOOKMARK [1][-]{section.1.1}{\376\377\000M\000o\000t\000i\000v\000a\000t\000i\000o\000n}{chapter.1}% 9
\BOOKMARK [1][-]{section.1.2}{\376\377\000P\000r\000o\000b\000l\000e\000m\000\040\000S\000t\000a\000t\000e\000m\000e\000n\000t}{chapter.1}% 10
\BOOKMARK [1][-]{section.1.3}{\376\377\000C\000o\000n\000t\000r\000i\000b\000u\000t\000i\000o\000n\000s}{chapter.1}% 11
\BOOKMARK [1][-]{section.1.4}{\376\377\000O\000r\000g\000a\000n\000i\000z\000a\000t\000i\000o\000n}{chapter.1}% 12
\BOOKMARK [0][-]{chapter.2}{\376\377\000P\000r\000e\000l\000i\000m\000i\000n\000a\000r\000i\000e\000s}{}% 13
\BOOKMARK [1][-]{section.2.1}{\376\377\000N\000o\000t\000a\000t\000i\000o\000n\000s}{chapter.2}% 14
\BOOKMARK [1][-]{section.2.2}{\376\377\000Q\000u\000a\000n\000t\000u\000m\000\040\000C\000i\000r\000c\000u\000i\000t\000s}{chapter.2}% 15
\BOOKMARK [0][-]{chapter.3}{\376\377\000E\000x\000i\000s\000t\000i\000n\000g\000\040\000A\000p\000p\000r\000o\000a\000c\000h\000\040\000f\000o\000r\000\040\000C\000N\000O\000T\000\040\000G\000a\000t\000e\000\040\000C\000o\000m\000p\000o\000s\000i\000t\000i\000o\000n}{}% 16
\BOOKMARK [1][-]{section.3.1}{\376\377\000D\000e\000\040\000B\000r\000u\000g\000i\000\350\000r\000e\000\040\000e\000t\000\040\000a\000l\000.\000\040\000G\000r\000e\000e\000d\000y\000\040\000M\000e\000t\000h\000o\000d}{chapter.3}% 17
\BOOKMARK [1][-]{section.3.2}{\376\377\000S\000h\000i\000\040\000\046\000\040\000F\000e\000n\000g\000\040\000G\000r\000e\000e\000d\000y\000\040\000M\000e\000t\000h\000o\000d}{chapter.3}% 18
\BOOKMARK [1][-]{section.3.3}{\376\377\000M\000a\000t\000r\000i\000x\000\040\000C\000o\000s\000t\000\040\000F\000u\000n\000c\000t\000i\000o\000n}{chapter.3}% 19
\BOOKMARK [2][-]{subsection.3.3.1}{\376\377\000L\000o\000g}{section.3.3}% 20
\BOOKMARK [2][-]{subsection.3.3.2}{\376\377\000S\000u\000m}{section.3.3}% 21
\BOOKMARK [2][-]{subsection.3.3.3}{\376\377\000S\000q\000u\000a\000r\000e}{section.3.3}% 22
\BOOKMARK [0][-]{chapter.4}{\376\377\000O\000u\000r\000\040\000G\000r\000e\000e\000d\000y\000\040\000A\000l\000g\000o\000r\000i\000t\000h\000m}{}% 23
\BOOKMARK [1][-]{section.4.1}{\376\377\000R\000o\000w\000-\000o\000r\000-\000C\000o\000l}{chapter.4}% 24
\BOOKMARK [1][-]{section.4.2}{\376\377\000P\000a\000r\000a\000l\000l\000e\000l}{chapter.4}% 25
\BOOKMARK [1][-]{section.4.3}{\376\377\000O\000r\000i\000g\000i\000n\000a\000l\000\040\000C\000o\000s\000t\000\040\000F\000u\000n\000c\000t\000i\000o\000n}{chapter.4}% 26
\BOOKMARK [1][-]{section.4.4}{\376\377\000P\000r\000o\000p\000o\000s\000e\000d\000\040\000A\000p\000p\000r\000o\000a\000c\000h}{chapter.4}% 27
\BOOKMARK [0][-]{chapter.5}{\376\377\000E\000x\000p\000e\000r\000i\000m\000e\000n\000t\000a\000l\000\040\000R\000e\000s\000u\000l\000t\000s}{}% 28
\BOOKMARK [1][-]{section.5.1}{\376\377\000D\000e\000p\000t\000h}{chapter.5}% 29
\BOOKMARK [1][-]{section.5.2}{\376\377\000Q\000u\000a\000n\000t\000u\000m\000\040\000C\000i\000r\000c\000u\000i\000t\000s}{chapter.5}% 30
\BOOKMARK [0][-]{chapter.6}{\376\377\000D\000i\000s\000c\000u\000s\000s\000i\000o\000n}{}% 31
\BOOKMARK [0][-]{chapter.7}{\376\377\000C\000o\000n\000c\000l\000u\000s\000i\000o\000n}{}% 32
\BOOKMARK [0][-]{chapter*.10}{\376\377\000R\000e\000f\000e\000r\000e\000n\000c\000e\000s}{}% 33
\BOOKMARK [0][-]{appendix.A}{\376\377\000C\000o\000d\000e\000s}{}% 34
\BOOKMARK [1][-]{section.A.1}{\376\377\000C\000o\000n\000t\000e\000n\000t\000\040\000E\000l\000e\000m\000e\000n\000t\000s}{appendix.A}% 35
\BOOKMARK [1][-]{section.A.2}{\376\377\000W\000r\000i\000t\000i\000n\000g\000\040\000T\000i\000p\000s}{appendix.A}% 36
\BOOKMARK [0][-]{appendix.B}{\376\377\000P\000a\000r\000a\000m\000e\000t\000e\000r\000s}{}% 37
\BOOKMARK [1][-]{section.B.1}{\376\377\000N\000o\000.\000\040\0000\0000\0000\0001\000\040\0000\0000\0005\0000}{appendix.B}% 38
\BOOKMARK [1][-]{section.B.2}{\376\377\000N\000o\000.\000\040\0000\0000\0005\0001\000\040\0000\0001\0000\0000}{appendix.B}% 39
